<?xml version="1.0" encoding="UTF-8"?>
<!-- Generated by org.testng.reporters.JUnitReportReporter -->
<testsuite skipped="0" hostname="nishants-MacBook-Pro.local" name="com.test.selenium.NewTestNG" tests="1" failures="0" timestamp="2020-07-28T14:44:04 IST" time="15.306" errors="0">
  <testcase name="LaunchBrowser" time="15.306" classname="com.test.selenium.NewTestNG"/>
  <system-out/>
</testsuite> <!-- com.test.selenium.NewTestNG -->
