<?xml version="1.0" encoding="UTF-8"?>
<!-- Generated by org.testng.reporters.JUnitReportReporter -->
<testsuite skipped="0" hostname="nishants-MacBook-Pro.local" name="com.test.selenium.NewTest" tests="1" failures="0" timestamp="2020-07-28T14:44:09 IST" time="24.063" errors="0">
  <testcase name="LaunchBrowser" time="24.063" classname="com.test.selenium.NewTest"/>
  <system-out/>
</testsuite> <!-- com.test.selenium.NewTest -->
