<?xml version="1.0" encoding="UTF-8"?>
<!-- Generated by org.testng.reporters.JUnitReportReporter -->
<testsuite skipped="0" hostname="nishants-MacBook-Pro.local" name="com.test.selenium.TakeScreenshot" tests="1" failures="0" timestamp="2020-07-28T21:16:04 IST" time="27.083" errors="0">
  <testcase name="TakeScreenshotFileHandler" time="27.083" classname="com.test.selenium.TakeScreenshot"/>
  <system-out/>
</testsuite> <!-- com.test.selenium.TakeScreenshot -->
